[2016-07-25T13:18:57+00:00] WARN: No config file found or specified on command line, using command line options.
[2016-07-25T13:18:57+00:00] WARN: No cookbooks directory found at or above current directory.  Assuming /root/chef-repo.
Starting Chef Client, version 12.7.2
resolving cookbooks for run list: []
Synchronizing Cookbooks:
Compiling Cookbooks...
[2016-07-25T13:18:59+00:00] WARN: Node centos-72 has an empty run list.
Converging 3 resources
Recipe: @recipe_files::/root/chef-repo/webserver.rb
  * yum_package[httpd] action install (up to date)
  * service[httpd] action enable (up to date)
  * service[httpd] action start (up to date)
  * file[/var/www/html/index.html] action create
    - create new file /var/www/html/index.html
    - update content in file /var/www/html/index.html from none to 2914aa
    --- /var/www/html/index.html	2016-07-25 13:19:00.841669626 +0000
    +++ /var/www/html/.index.html20160725-16264-1ytx1og	2016-07-25 13:19:00.841669626 +0000
    @@ -1 +1,6 @@
    +<html>
    +  <body>
    +    <h1>hello world</h1>
    +  </body>
    +</html>
    - restore selinux security context

Running handlers:
Running handlers complete
Chef Client finished, 1/4 resources updated in 02 seconds
