cookbooks
└── learn_chef_httpd
    ├── Berksfile
    ├── chefignore
    ├── metadata.rb
    ├── README.md
    ├── recipes
    │   └── default.rb
    ├── spec
    │   ├── spec_helper.rb
    │   └── unit
    │       └── recipes
    │           └── default_spec.rb
    └── test
        └── integration
            ├── default
            │   └── serverspec
            │       └── default_spec.rb
            └── helpers
                └── serverspec
                    └── spec_helper.rb

11 directories, 9 files
