[2016-07-23T17:50:21+00:00] WARN: No config file found or specified on command line, using command line options.
[2016-07-23T17:50:21+00:00] WARN: No cookbooks directory found at or above current directory.  Assuming /root/chef-repo.
Starting Chef Client, version 12.7.2
resolving cookbooks for run list: []
Synchronizing Cookbooks:
Compiling Cookbooks...
[2016-07-23T17:50:22+00:00] WARN: Node centos-72 has an empty run list.
Converging 1 resources
Recipe: @recipe_files::/root/chef-repo/hello.rb
  * file[/tmp/motd] action create
    - update content in file /tmp/motd from 548078 to c38c60
    --- /tmp/motd	2016-07-23 17:50:20.325695271 +0000
    +++ /tmp/.motd20160723-14712-og5jx7	2016-07-23 17:50:22.565814750 +0000
    @@ -1,2 +1,2 @@
    -hello robots
    +hello chef
    - restore selinux security context

Running handlers:
Running handlers complete
Chef Client finished, 1/1 resources updated in 01 seconds
