[2016-07-23T17:50:17+00:00] WARN: No config file found or specified on command line, using command line options.
[2016-07-23T17:50:17+00:00] WARN: No cookbooks directory found at or above current directory.  Assuming /root/chef-repo.
Starting Chef Client, version 12.7.2
resolving cookbooks for run list: []
Synchronizing Cookbooks:
Compiling Cookbooks...
[2016-07-23T17:50:19+00:00] WARN: Node centos-72 has an empty run list.
Converging 1 resources
Recipe: @recipe_files::/root/chef-repo/hello.rb
  * file[/tmp/motd] action create
    - update content in file /tmp/motd from b94d27 to c38c60
    --- /tmp/motd	2016-07-23 17:50:12.934001343 +0000
    +++ /tmp/.motd20160723-14404-1maj7or	2016-07-23 17:50:19.352208781 +0000
    @@ -1,2 +1,2 @@
    -hello world
    +hello chef
    - restore selinux security context

Running handlers:
Running handlers complete
Chef Client finished, 1/1 resources updated in 01 seconds
