[2016-07-22T14:07:12+00:00] WARN: No config file found or specified on command line, using command line options.
[2016-07-22T14:07:12+00:00] WARN: No cookbooks directory found at or above current directory.  Assuming /root/chef-repo.
Starting Chef Client, version 12.7.2
resolving cookbooks for run list: []
Synchronizing Cookbooks:
Compiling Cookbooks...
[2016-07-22T14:07:14+00:00] WARN: Node centos-72 has an empty run list.
Converging 1 resources
Recipe: @recipe_files::/root/chef-repo/hello.rb
  * file[/tmp/motd] action create
    - create new file /tmp/motd
    - update content in file /tmp/motd from none to b94d27
    --- /tmp/motd	2016-07-22 14:07:14.384077389 +0000
    +++ /tmp/.motd20160722-16362-1g1lqax	2016-07-22 14:07:14.383076289 +0000
    @@ -1 +1,2 @@
    +hello world
    - restore selinux security context

Running handlers:
Running handlers complete
Chef Client finished, 1/1 resources updated in 01 seconds
